<?xml version="1.0" encoding="utf-8" standalone="no"?>
<!--This file represents the results of running a test suite-->
<test-results name="D:\Pemrograman Lanjut\02 tugas\TugasLibraryUnitTest\bin\Debug\TugasLibraryUnitTest.dll" total="2" errors="0" failures="0" not-run="0" inconclusive="0" ignored="0" skipped="0" invalid="0" date="2021-10-27" time="16:06:42">
  <environment nunit-version="2.6.4.14350" clr-version="2.0.50727.9151" os-version="Microsoft Windows NT 6.2.9200.0" platform="Win32NT" cwd="D:\Pemrograman Lanjut\tools-testing" machine-name="MSI" user="USER" user-domain="MSI" />
  <culture-info current-culture="id-ID" current-uiculture="id-ID" />
  <test-suite type="Assembly" name="D:\Pemrograman Lanjut\02 tugas\TugasLibraryUnitTest\bin\Debug\TugasLibraryUnitTest.dll" executed="True" result="Success" success="True" time="0.052" asserts="0">
    <results>
      <test-suite type="Namespace" name="TugasLibraryUnitTest" executed="True" result="Success" success="True" time="0.046" asserts="0">
        <results>
          <test-suite type="TestFixture" name="DayTest" executed="True" result="Success" success="True" time="0.035" asserts="0">
            <results>
              <test-case name="TugasLibraryUnitTest.DayTest.NameOfDayTest" executed="True" result="Success" success="True" time="0.028" asserts="7" />
            </results>
          </test-suite>
          <test-suite type="TestFixture" name="UserTest" executed="True" result="Success" success="True" time="0.002" asserts="0">
            <results>
              <test-case name="TugasLibraryUnitTest.UserTest.TestValidUser" executed="True" result="Success" success="True" time="0.001" asserts="1" />
            </results>
          </test-suite>
        </results>
      </test-suite>
    </results>
  </test-suite>
</test-results>